0 info it worked if it ends with ok
1 verbose cli [ 'E:\\Program Files\\nodejs\\node.exe',
1 verbose cli   'E:\\Program Files\\nodejs\\node_modules\\npm\\bin\\npm-cli.js',
1 verbose cli   'install',
1 verbose cli   '-g',
1 verbose cli   'http-server' ]
2 info using npm@3.10.10
3 info using node@v6.11.3
4 silly loadCurrentTree Starting
5 silly install loadCurrentTree
6 silly install readGlobalPackageData
7 silly fetchPackageMetaData http-server
8 silly fetchNamedPackageData http-server
9 silly mapToRegistry name http-server
10 silly mapToRegistry using default registry
11 silly mapToRegistry registry https://registry.npmjs.org/
12 silly mapToRegistry data Result {
12 silly mapToRegistry   raw: 'http-server',
12 silly mapToRegistry   scope: null,
12 silly mapToRegistry   escapedName: 'http-server',
12 silly mapToRegistry   name: 'http-server',
12 silly mapToRegistry   rawSpec: '',
12 silly mapToRegistry   spec: 'latest',
12 silly mapToRegistry   type: 'tag' }
13 silly mapToRegistry uri https://registry.npmjs.org/http-server
14 verbose request uri https://registry.npmjs.org/http-server
15 verbose request no auth needed
16 info attempt registry request try #1 at 21:58:04
17 verbose request id 5e3f32cf9eb04b70
18 http request GET https://registry.npmjs.org/http-server
19 http 200 https://registry.npmjs.org/http-server
20 verbose headers { server: 'nginx/1.10.1',
20 verbose headers   'content-type': 'application/json',
20 verbose headers   'last-modified': 'Sat, 09 Sep 2017 10:57:24 GMT',
20 verbose headers   etag: 'W/"59b3c914-1002e"',
20 verbose headers   'content-encoding': 'gzip',
20 verbose headers   'cache-control': 'max-age=300',
20 verbose headers   'content-length': '9160',
20 verbose headers   'accept-ranges': 'bytes',
20 verbose headers   date: 'Sun, 10 Sep 2017 13:58:05 GMT',
20 verbose headers   via: '1.1 varnish',
20 verbose headers   age: '0',
20 verbose headers   connection: 'keep-alive',
20 verbose headers   'x-served-by': 'cache-nrt6126-NRT',
20 verbose headers   'x-cache': 'HIT',
20 verbose headers   'x-cache-hits': '1',
20 verbose headers   'x-timer': 'S1505051885.490790,VS0,VE133',
20 verbose headers   vary: 'Accept-Encoding, Accept' }
21 silly get cb [ 200,
21 silly get   { server: 'nginx/1.10.1',
21 silly get     'content-type': 'application/json',
21 silly get     'last-modified': 'Sat, 09 Sep 2017 10:57:24 GMT',
21 silly get     etag: 'W/"59b3c914-1002e"',
21 silly get     'content-encoding': 'gzip',
21 silly get     'cache-control': 'max-age=300',
21 silly get     'content-length': '9160',
21 silly get     'accept-ranges': 'bytes',
21 silly get     date: 'Sun, 10 Sep 2017 13:58:05 GMT',
21 silly get     via: '1.1 varnish',
21 silly get     age: '0',
21 silly get     connection: 'keep-alive',
21 silly get     'x-served-by': 'cache-nrt6126-NRT',
21 silly get     'x-cache': 'HIT',
21 silly get     'x-cache-hits': '1',
21 silly get     'x-timer': 'S1505051885.490790,VS0,VE133',
21 silly get     vary: 'Accept-Encoding, Accept' } ]
22 verbose get saving http-server to C:\Users\Hu\AppData\Roaming\npm-cache\registry.npmjs.org\http-server\.cache.json
23 verbose correctMkdir C:\Users\Hu\AppData\Roaming\npm-cache correctMkdir not in flight; initializing
24 silly install normalizeTree
25 silly loadCurrentTree Finishing
26 silly loadIdealTree Starting
27 silly install loadIdealTree
28 silly cloneCurrentTree Starting
29 silly install cloneCurrentTreeToIdealTree
30 silly cloneCurrentTree Finishing
31 silly loadShrinkwrap Starting
32 silly install loadShrinkwrap
33 silly loadShrinkwrap Finishing
34 silly loadAllDepsIntoIdealTree Starting
35 silly install loadAllDepsIntoIdealTree
36 silly resolveWithNewModule http-server@0.10.0 checking installable status
37 silly cache add args [ 'http-server', null ]
38 verbose cache add spec http-server
39 silly cache add parsed spec Result {
39 silly cache add   raw: 'http-server',
39 silly cache add   scope: null,
39 silly cache add   escapedName: 'http-server',
39 silly cache add   name: 'http-server',
39 silly cache add   rawSpec: '',
39 silly cache add   spec: 'latest',
39 silly cache add   type: 'tag' }
40 silly addNamed http-server@latest
41 verbose addNamed "latest" is being treated as a dist-tag for http-server
42 info addNameTag [ 'http-server', 'latest' ]
43 silly mapToRegistry name http-server
44 silly mapToRegistry using default registry
45 silly mapToRegistry registry https://registry.npmjs.org/
46 silly mapToRegistry data Result {
46 silly mapToRegistry   raw: 'http-server',
46 silly mapToRegistry   scope: null,
46 silly mapToRegistry   escapedName: 'http-server',
46 silly mapToRegistry   name: 'http-server',
46 silly mapToRegistry   rawSpec: '',
46 silly mapToRegistry   spec: 'latest',
46 silly mapToRegistry   type: 'tag' }
47 silly mapToRegistry uri https://registry.npmjs.org/http-server
48 verbose addNameTag registry:https://registry.npmjs.org/http-server not in flight; fetching
49 verbose get https://registry.npmjs.org/http-server not expired, no request
50 silly addNameTag next cb for http-server with tag latest
51 silly addNamed http-server@0.10.0
52 verbose addNamed "0.10.0" is a plain semver version for http-server
53 silly mapToRegistry name http-server
54 silly mapToRegistry using default registry
55 silly mapToRegistry registry https://registry.npmjs.org/
56 silly mapToRegistry data Result {
56 silly mapToRegistry   raw: 'http-server',
56 silly mapToRegistry   scope: null,
56 silly mapToRegistry   escapedName: 'http-server',
56 silly mapToRegistry   name: 'http-server',
56 silly mapToRegistry   rawSpec: '',
56 silly mapToRegistry   spec: 'latest',
56 silly mapToRegistry   type: 'tag' }
57 silly mapToRegistry uri https://registry.npmjs.org/http-server
58 verbose addRemoteTarball https://registry.npmjs.org/http-server/-/http-server-0.10.0.tgz not in flight; adding
59 verbose addRemoteTarball [ 'https://registry.npmjs.org/http-server/-/http-server-0.10.0.tgz',
59 verbose addRemoteTarball   'b2a446b16a9db87ed3c622ba9beb1b085b1234a7' ]
60 info retry fetch attempt 1 at 21:58:08
61 info attempt registry request try #1 at 21:58:08
62 http fetch GET https://registry.npmjs.org/http-server/-/http-server-0.10.0.tgz
63 http fetch 200 https://registry.npmjs.org/http-server/-/http-server-0.10.0.tgz
64 silly fetchAndShaCheck shasum b2a446b16a9db87ed3c622ba9beb1b085b1234a7
65 verbose addTmpTarball C:\Users\Hu\AppData\Local\Temp\npm-16540-fc8928a7\registry.npmjs.org\http-server\-\http-server-0.10.0.tgz not in flight; adding
66 verbose addTmpTarball already have metadata; skipping unpack for http-server@0.10.0
67 verbose correctMkdir C:\Users\Hu\AppData\Roaming\npm-cache correctMkdir not in flight; initializing
68 silly cache afterAdd http-server@0.10.0
69 verbose afterAdd C:\Users\Hu\AppData\Roaming\npm-cache\http-server\0.10.0\package\package.json not in flight; writing
70 verbose correctMkdir C:\Users\Hu\AppData\Roaming\npm-cache correctMkdir not in flight; initializing
71 verbose afterAdd C:\Users\Hu\AppData\Roaming\npm-cache\http-server\0.10.0\package\package.json written
72 silly fetchNamedPackageData colors
73 silly mapToRegistry name colors
74 silly mapToRegistry using default registry
75 silly mapToRegistry registry https://registry.npmjs.org/
76 silly mapToRegistry data Result {
76 silly mapToRegistry   raw: 'colors',
76 silly mapToRegistry   scope: null,
76 silly mapToRegistry   escapedName: 'colors',
76 silly mapToRegistry   name: 'colors',
76 silly mapToRegistry   rawSpec: '',
76 silly mapToRegistry   spec: 'latest',
76 silly mapToRegistry   type: 'tag' }
77 silly mapToRegistry uri https://registry.npmjs.org/colors
78 silly fetchNamedPackageData corser
79 silly mapToRegistry name corser
80 silly mapToRegistry using default registry
81 silly mapToRegistry registry https://registry.npmjs.org/
82 silly mapToRegistry data Result {
82 silly mapToRegistry   raw: 'corser',
82 silly mapToRegistry   scope: null,
82 silly mapToRegistry   escapedName: 'corser',
82 silly mapToRegistry   name: 'corser',
82 silly mapToRegistry   rawSpec: '',
82 silly mapToRegistry   spec: 'latest',
82 silly mapToRegistry   type: 'tag' }
83 silly mapToRegistry uri https://registry.npmjs.org/corser
84 silly fetchNamedPackageData ecstatic
85 silly mapToRegistry name ecstatic
86 silly mapToRegistry using default registry
87 silly mapToRegistry registry https://registry.npmjs.org/
88 silly mapToRegistry data Result {
88 silly mapToRegistry   raw: 'ecstatic',
88 silly mapToRegistry   scope: null,
88 silly mapToRegistry   escapedName: 'ecstatic',
88 silly mapToRegistry   name: 'ecstatic',
88 silly mapToRegistry   rawSpec: '',
88 silly mapToRegistry   spec: 'latest',
88 silly mapToRegistry   type: 'tag' }
89 silly mapToRegistry uri https://registry.npmjs.org/ecstatic
90 silly fetchNamedPackageData http-proxy
91 silly mapToRegistry name http-proxy
92 silly mapToRegistry using default registry
93 silly mapToRegistry registry https://registry.npmjs.org/
94 silly mapToRegistry data Result {
94 silly mapToRegistry   raw: 'http-proxy',
94 silly mapToRegistry   scope: null,
94 silly mapToRegistry   escapedName: 'http-proxy',
94 silly mapToRegistry   name: 'http-proxy',
94 silly mapToRegistry   rawSpec: '',
94 silly mapToRegistry   spec: 'latest',
94 silly mapToRegistry   type: 'tag' }
95 silly mapToRegistry uri https://registry.npmjs.org/http-proxy
96 silly fetchNamedPackageData opener
97 silly mapToRegistry name opener
98 silly mapToRegistry using default registry
99 silly mapToRegistry registry https://registry.npmjs.org/
100 silly mapToRegistry data Result {
100 silly mapToRegistry   raw: 'opener',
100 silly mapToRegistry   scope: null,
100 silly mapToRegistry   escapedName: 'opener',
100 silly mapToRegistry   name: 'opener',
100 silly mapToRegistry   rawSpec: '',
100 silly mapToRegistry   spec: 'latest',
100 silly mapToRegistry   type: 'tag' }
101 silly mapToRegistry uri https://registry.npmjs.org/opener
102 silly fetchNamedPackageData optimist
103 silly mapToRegistry name optimist
104 silly mapToRegistry using default registry
105 silly mapToRegistry registry https://registry.npmjs.org/
106 silly mapToRegistry data Result {
106 silly mapToRegistry   raw: 'optimist',
106 silly mapToRegistry   scope: null,
106 silly mapToRegistry   escapedName: 'optimist',
106 silly mapToRegistry   name: 'optimist',
106 silly mapToRegistry   rawSpec: '',
106 silly mapToRegistry   spec: 'latest',
106 silly mapToRegistry   type: 'tag' }
107 silly mapToRegistry uri https://registry.npmjs.org/optimist
108 silly fetchNamedPackageData portfinder
109 silly mapToRegistry name portfinder
110 silly mapToRegistry using default registry
111 silly mapToRegistry registry https://registry.npmjs.org/
112 silly mapToRegistry data Result {
112 silly mapToRegistry   raw: 'portfinder',
112 silly mapToRegistry   scope: null,
112 silly mapToRegistry   escapedName: 'portfinder',
112 silly mapToRegistry   name: 'portfinder',
112 silly mapToRegistry   rawSpec: '',
112 silly mapToRegistry   spec: 'latest',
112 silly mapToRegistry   type: 'tag' }
113 silly mapToRegistry uri https://registry.npmjs.org/portfinder
114 silly fetchNamedPackageData union
115 silly mapToRegistry name union
116 silly mapToRegistry using default registry
117 silly mapToRegistry registry https://registry.npmjs.org/
118 silly mapToRegistry data Result {
118 silly mapToRegistry   raw: 'union',
118 silly mapToRegistry   scope: null,
118 silly mapToRegistry   escapedName: 'union',
118 silly mapToRegistry   name: 'union',
118 silly mapToRegistry   rawSpec: '',
118 silly mapToRegistry   spec: 'latest',
118 silly mapToRegistry   type: 'tag' }
119 silly mapToRegistry uri https://registry.npmjs.org/union
120 verbose request uri https://registry.npmjs.org/colors
121 verbose request no auth needed
122 info attempt registry request try #1 at 21:58:52
123 http request GET https://registry.npmjs.org/colors
124 verbose request uri https://registry.npmjs.org/http-proxy
125 verbose request no auth needed
126 info attempt registry request try #1 at 21:58:52
127 http request GET https://registry.npmjs.org/http-proxy
128 verbose request uri https://registry.npmjs.org/corser
129 verbose request no auth needed
130 info attempt registry request try #1 at 21:58:52
131 http request GET https://registry.npmjs.org/corser
132 verbose request uri https://registry.npmjs.org/ecstatic
133 verbose request no auth needed
134 info attempt registry request try #1 at 21:58:52
135 http request GET https://registry.npmjs.org/ecstatic
136 verbose request uri https://registry.npmjs.org/opener
137 verbose request no auth needed
138 info attempt registry request try #1 at 21:58:52
139 http request GET https://registry.npmjs.org/opener
140 verbose request uri https://registry.npmjs.org/portfinder
141 verbose request no auth needed
142 info attempt registry request try #1 at 21:58:52
143 http request GET https://registry.npmjs.org/portfinder
144 verbose request uri https://registry.npmjs.org/optimist
145 verbose request no auth needed
146 info attempt registry request try #1 at 21:58:52
147 http request GET https://registry.npmjs.org/optimist
148 verbose request uri https://registry.npmjs.org/union
149 verbose request no auth needed
150 info attempt registry request try #1 at 21:58:52
151 http request GET https://registry.npmjs.org/union
152 http 200 https://registry.npmjs.org/colors
153 verbose headers { server: 'nginx/1.10.1',
153 verbose headers   'content-type': 'application/json',
153 verbose headers   'last-modified': 'Thu, 07 Sep 2017 12:21:29 GMT',
153 verbose headers   etag: 'W/"59b139c9-5a9e"',
153 verbose headers   'content-encoding': 'gzip',
153 verbose headers   'cache-control': 'max-age=300',
153 verbose headers   'content-length': '6211',
153 verbose headers   'accept-ranges': 'bytes',
153 verbose headers   date: 'Sun, 10 Sep 2017 13:58:52 GMT',
153 verbose headers   via: '1.1 varnish',
153 verbose headers   age: '184',
153 verbose headers   connection: 'keep-alive',
153 verbose headers   'x-served-by': 'cache-nrt6126-NRT',
153 verbose headers   'x-cache': 'HIT',
153 verbose headers   'x-cache-hits': '2',
153 verbose headers   'x-timer': 'S1505051933.507084,VS0,VE0',
153 verbose headers   vary: 'Accept-Encoding, Accept' }
154 silly get cb [ 200,
154 silly get   { server: 'nginx/1.10.1',
154 silly get     'content-type': 'application/json',
154 silly get     'last-modified': 'Thu, 07 Sep 2017 12:21:29 GMT',
154 silly get     etag: 'W/"59b139c9-5a9e"',
154 silly get     'content-encoding': 'gzip',
154 silly get     'cache-control': 'max-age=300',
154 silly get     'content-length': '6211',
154 silly get     'accept-ranges': 'bytes',
154 silly get     date: 'Sun, 10 Sep 2017 13:58:52 GMT',
154 silly get     via: '1.1 varnish',
154 silly get     age: '184',
154 silly get     connection: 'keep-alive',
154 silly get     'x-served-by': 'cache-nrt6126-NRT',
154 silly get     'x-cache': 'HIT',
154 silly get     'x-cache-hits': '2',
154 silly get     'x-timer': 'S1505051933.507084,VS0,VE0',
154 silly get     vary: 'Accept-Encoding, Accept' } ]
155 verbose get saving colors to C:\Users\Hu\AppData\Roaming\npm-cache\registry.npmjs.org\colors\.cache.json
156 verbose correctMkdir C:\Users\Hu\AppData\Roaming\npm-cache correctMkdir not in flight; initializing
157 silly resolveWithNewModule colors@1.0.3 checking installable status
158 silly cache add args [ 'colors@1.0.3', null ]
159 verbose cache add spec colors@1.0.3
160 silly cache add parsed spec Result {
160 silly cache add   raw: 'colors@1.0.3',
160 silly cache add   scope: null,
160 silly cache add   escapedName: 'colors',
160 silly cache add   name: 'colors',
160 silly cache add   rawSpec: '1.0.3',
160 silly cache add   spec: '1.0.3',
160 silly cache add   type: 'version' }
161 silly addNamed colors@1.0.3
162 verbose addNamed "1.0.3" is a plain semver version for colors
163 silly mapToRegistry name colors
164 silly mapToRegistry using default registry
165 silly mapToRegistry registry https://registry.npmjs.org/
166 silly mapToRegistry data Result {
166 silly mapToRegistry   raw: 'colors',
166 silly mapToRegistry   scope: null,
166 silly mapToRegistry   escapedName: 'colors',
166 silly mapToRegistry   name: 'colors',
166 silly mapToRegistry   rawSpec: '',
166 silly mapToRegistry   spec: 'latest',
166 silly mapToRegistry   type: 'tag' }
167 silly mapToRegistry uri https://registry.npmjs.org/colors
168 verbose addNameVersion registry:https://registry.npmjs.org/colors not in flight; fetching
169 verbose get https://registry.npmjs.org/colors not expired, no request
170 silly mapToRegistry name colors
171 silly mapToRegistry using default registry
172 silly mapToRegistry registry https://registry.npmjs.org/
173 silly mapToRegistry data Result {
173 silly mapToRegistry   raw: 'colors',
173 silly mapToRegistry   scope: null,
173 silly mapToRegistry   escapedName: 'colors',
173 silly mapToRegistry   name: 'colors',
173 silly mapToRegistry   rawSpec: '',
173 silly mapToRegistry   spec: 'latest',
173 silly mapToRegistry   type: 'tag' }
174 silly mapToRegistry uri https://registry.npmjs.org/colors
175 verbose addRemoteTarball https://registry.npmjs.org/colors/-/colors-1.0.3.tgz not in flight; adding
176 verbose addRemoteTarball [ 'https://registry.npmjs.org/colors/-/colors-1.0.3.tgz',
176 verbose addRemoteTarball   '0433f44d809680fdeb60ed260f1b0c262e82a40b' ]
177 info retry fetch attempt 1 at 21:58:53
178 info attempt registry request try #1 at 21:58:53
179 http fetch GET https://registry.npmjs.org/colors/-/colors-1.0.3.tgz
180 http 200 https://registry.npmjs.org/union
181 verbose headers { server: 'nginx/1.10.1',
181 verbose headers   'content-type': 'application/json',
181 verbose headers   'last-modified': 'Sun, 23 Jul 2017 02:51:37 GMT',
181 verbose headers   etag: 'W/"59740f39-946a"',
181 verbose headers   'content-encoding': 'gzip',
181 verbose headers   'cache-control': 'max-age=300',
181 verbose headers   'content-length': '6276',
181 verbose headers   'accept-ranges': 'bytes',
181 verbose headers   date: 'Sun, 10 Sep 2017 13:58:53 GMT',
181 verbose headers   via: '1.1 varnish',
181 verbose headers   age: '0',
181 verbose headers   connection: 'keep-alive',
181 verbose headers   'x-served-by': 'cache-nrt6126-NRT',
181 verbose headers   'x-cache': 'HIT',
181 verbose headers   'x-cache-hits': '1',
181 verbose headers   'x-timer': 'S1505051933.933018,VS0,VE134',
181 verbose headers   vary: 'Accept-Encoding, Accept' }
182 silly get cb [ 200,
182 silly get   { server: 'nginx/1.10.1',
182 silly get     'content-type': 'application/json',
182 silly get     'last-modified': 'Sun, 23 Jul 2017 02:51:37 GMT',
182 silly get     etag: 'W/"59740f39-946a"',
182 silly get     'content-encoding': 'gzip',
182 silly get     'cache-control': 'max-age=300',
182 silly get     'content-length': '6276',
182 silly get     'accept-ranges': 'bytes',
182 silly get     date: 'Sun, 10 Sep 2017 13:58:53 GMT',
182 silly get     via: '1.1 varnish',
182 silly get     age: '0',
182 silly get     connection: 'keep-alive',
182 silly get     'x-served-by': 'cache-nrt6126-NRT',
182 silly get     'x-cache': 'HIT',
182 silly get     'x-cache-hits': '1',
182 silly get     'x-timer': 'S1505051933.933018,VS0,VE134',
182 silly get     vary: 'Accept-Encoding, Accept' } ]
183 verbose get saving union to C:\Users\Hu\AppData\Roaming\npm-cache\registry.npmjs.org\union\.cache.json
184 verbose correctMkdir C:\Users\Hu\AppData\Roaming\npm-cache correctMkdir not in flight; initializing
185 silly resolveWithNewModule union@0.4.6 checking installable status
186 silly cache add args [ 'union@~0.4.3', null ]
187 verbose cache add spec union@~0.4.3
188 silly cache add parsed spec Result {
188 silly cache add   raw: 'union@~0.4.3',
188 silly cache add   scope: null,
188 silly cache add   escapedName: 'union',
188 silly cache add   name: 'union',
188 silly cache add   rawSpec: '~0.4.3',
188 silly cache add   spec: '>=0.4.3 <0.5.0',
188 silly cache add   type: 'range' }
189 silly addNamed union@>=0.4.3 <0.5.0
190 verbose addNamed ">=0.4.3 <0.5.0" is a valid semver range for union
191 silly addNameRange { name: 'union', range: '>=0.4.3 <0.5.0', hasData: false }
192 silly mapToRegistry name union
193 silly mapToRegistry using default registry
194 silly mapToRegistry registry https://registry.npmjs.org/
195 silly mapToRegistry data Result {
195 silly mapToRegistry   raw: 'union',
195 silly mapToRegistry   scope: null,
195 silly mapToRegistry   escapedName: 'union',
195 silly mapToRegistry   name: 'union',
195 silly mapToRegistry   rawSpec: '',
195 silly mapToRegistry   spec: 'latest',
195 silly mapToRegistry   type: 'tag' }
196 silly mapToRegistry uri https://registry.npmjs.org/union
197 verbose addNameRange registry:https://registry.npmjs.org/union not in flight; fetching
198 verbose get https://registry.npmjs.org/union not expired, no request
199 silly addNameRange number 2 { name: 'union', range: '>=0.4.3 <0.5.0', hasData: true }
200 silly addNameRange versions [ 'union',
200 silly addNameRange   [ '0.1.0',
200 silly addNameRange     '0.1.2',
200 silly addNameRange     '0.1.3',
200 silly addNameRange     '0.1.4',
200 silly addNameRange     '0.1.5',
200 silly addNameRange     '0.1.6',
200 silly addNameRange     '0.1.7',
200 silly addNameRange     '0.1.8',
200 silly addNameRange     '0.2.0',
200 silly addNameRange     '0.2.1',
200 silly addNameRange     '0.3.0',
200 silly addNameRange     '0.3.2',
200 silly addNameRange     '0.3.3',
200 silly addNameRange     '0.3.4',
200 silly addNameRange     '0.3.5',
200 silly addNameRange     '0.3.6',
200 silly addNameRange     '0.3.7',
200 silly addNameRange     '0.3.8',
200 silly addNameRange     '0.4.0',
200 silly addNameRange     '0.4.1',
200 silly addNameRange     '0.4.2',
200 silly addNameRange     '0.4.3',
200 silly addNameRange     '0.4.4',
200 silly addNameRange     '0.4.5',
200 silly addNameRange     '0.4.6' ] ]
201 silly addNamed union@0.4.6
202 verbose addNamed "0.4.6" is a plain semver version for union
203 silly mapToRegistry name union
204 silly mapToRegistry using default registry
205 silly mapToRegistry registry https://registry.npmjs.org/
206 silly mapToRegistry data Result {
206 silly mapToRegistry   raw: 'union',
206 silly mapToRegistry   scope: null,
206 silly mapToRegistry   escapedName: 'union',
206 silly mapToRegistry   name: 'union',
206 silly mapToRegistry   rawSpec: '',
206 silly mapToRegistry   spec: 'latest',
206 silly mapToRegistry   type: 'tag' }
207 silly mapToRegistry uri https://registry.npmjs.org/union
208 verbose addRemoteTarball https://registry.npmjs.org/union/-/union-0.4.6.tgz not in flight; adding
209 verbose addRemoteTarball [ 'https://registry.npmjs.org/union/-/union-0.4.6.tgz',
209 verbose addRemoteTarball   '198fbdaeba254e788b0efcb630bc11f24a2959e0' ]
210 info retry fetch attempt 1 at 21:58:53
211 info attempt registry request try #1 at 21:58:53
212 http fetch GET https://registry.npmjs.org/union/-/union-0.4.6.tgz
213 http fetch 200 https://registry.npmjs.org/colors/-/colors-1.0.3.tgz
214 http 200 https://registry.npmjs.org/portfinder
215 verbose headers { server: 'nginx/1.10.1',
215 verbose headers   'content-type': 'application/json',
215 verbose headers   'last-modified': 'Wed, 23 Aug 2017 15:04:13 GMT',
215 verbose headers   etag: 'W/"599d996d-7021"',
215 verbose headers   'content-encoding': 'gzip',
215 verbose headers   'cache-control': 'max-age=300',
215 verbose headers   'content-length': '4031',
215 verbose headers   'accept-ranges': 'bytes',
215 verbose headers   date: 'Sun, 10 Sep 2017 13:58:53 GMT',
215 verbose headers   via: '1.1 varnish',
215 verbose headers   age: '142',
215 verbose headers   connection: 'keep-alive',
215 verbose headers   'x-served-by': 'cache-nrt6131-NRT',
215 verbose headers   'x-cache': 'HIT',
215 verbose headers   'x-cache-hits': '1',
215 verbose headers   'x-timer': 'S1505051933.399370,VS0,VE1',
215 verbose headers   vary: 'Accept-Encoding, Accept' }
216 silly get cb [ 200,
216 silly get   { server: 'nginx/1.10.1',
216 silly get     'content-type': 'application/json',
216 silly get     'last-modified': 'Wed, 23 Aug 2017 15:04:13 GMT',
216 silly get     etag: 'W/"599d996d-7021"',
216 silly get     'content-encoding': 'gzip',
216 silly get     'cache-control': 'max-age=300',
216 silly get     'content-length': '4031',
216 silly get     'accept-ranges': 'bytes',
216 silly get     date: 'Sun, 10 Sep 2017 13:58:53 GMT',
216 silly get     via: '1.1 varnish',
216 silly get     age: '142',
216 silly get     connection: 'keep-alive',
216 silly get     'x-served-by': 'cache-nrt6131-NRT',
216 silly get     'x-cache': 'HIT',
216 silly get     'x-cache-hits': '1',
216 silly get     'x-timer': 'S1505051933.399370,VS0,VE1',
216 silly get     vary: 'Accept-Encoding, Accept' } ]
217 verbose get saving portfinder to C:\Users\Hu\AppData\Roaming\npm-cache\registry.npmjs.org\portfinder\.cache.json
218 verbose correctMkdir C:\Users\Hu\AppData\Roaming\npm-cache correctMkdir not in flight; initializing
219 http 200 https://registry.npmjs.org/http-proxy
220 verbose headers { server: 'nginx/1.10.1',
220 verbose headers   'content-type': 'application/json',
220 verbose headers   'last-modified': 'Mon, 04 Sep 2017 23:33:53 GMT',
220 verbose headers   etag: 'W/"59ade2e1-23f6e"',
220 verbose headers   'content-encoding': 'gzip',
220 verbose headers   'cache-control': 'max-age=300',
220 verbose headers   'content-length': '16400',
220 verbose headers   'accept-ranges': 'bytes',
220 verbose headers   date: 'Sun, 10 Sep 2017 13:58:52 GMT',
220 verbose headers   via: '1.1 varnish',
220 verbose headers   age: '135',
220 verbose headers   connection: 'keep-alive',
220 verbose headers   'x-served-by': 'cache-nrt6123-NRT',
220 verbose headers   'x-cache': 'HIT',
220 verbose headers   'x-cache-hits': '2',
220 verbose headers   'x-timer': 'S1505051933.894360,VS0,VE0',
220 verbose headers   vary: 'Accept-Encoding, Accept' }
221 silly get cb [ 200,
221 silly get   { server: 'nginx/1.10.1',
221 silly get     'content-type': 'application/json',
221 silly get     'last-modified': 'Mon, 04 Sep 2017 23:33:53 GMT',
221 silly get     etag: 'W/"59ade2e1-23f6e"',
221 silly get     'content-encoding': 'gzip',
221 silly get     'cache-control': 'max-age=300',
221 silly get     'content-length': '16400',
221 silly get     'accept-ranges': 'bytes',
221 silly get     date: 'Sun, 10 Sep 2017 13:58:52 GMT',
221 silly get     via: '1.1 varnish',
221 silly get     age: '135',
221 silly get     connection: 'keep-alive',
221 silly get     'x-served-by': 'cache-nrt6123-NRT',
221 silly get     'x-cache': 'HIT',
221 silly get     'x-cache-hits': '2',
221 silly get     'x-timer': 'S1505051933.894360,VS0,VE0',
221 silly get     vary: 'Accept-Encoding, Accept' } ]
222 verbose get saving http-proxy to C:\Users\Hu\AppData\Roaming\npm-cache\registry.npmjs.org\http-proxy\.cache.json
223 verbose correctMkdir C:\Users\Hu\AppData\Roaming\npm-cache correctMkdir not in flight; initializing
224 silly resolveWithNewModule portfinder@1.0.13 checking installable status
225 silly cache add args [ 'portfinder@^1.0.13', null ]
226 verbose cache add spec portfinder@^1.0.13
227 silly cache add parsed spec Result {
227 silly cache add   raw: 'portfinder@^1.0.13',
227 silly cache add   scope: null,
227 silly cache add   escapedName: 'portfinder',
227 silly cache add   name: 'portfinder',
227 silly cache add   rawSpec: '^1.0.13',
227 silly cache add   spec: '>=1.0.13 <2.0.0',
227 silly cache add   type: 'range' }
228 silly addNamed portfinder@>=1.0.13 <2.0.0
229 verbose addNamed ">=1.0.13 <2.0.0" is a valid semver range for portfinder
230 silly addNameRange { name: 'portfinder', range: '>=1.0.13 <2.0.0', hasData: false }
231 silly mapToRegistry name portfinder
232 silly mapToRegistry using default registry
233 silly mapToRegistry registry https://registry.npmjs.org/
234 silly mapToRegistry data Result {
234 silly mapToRegistry   raw: 'portfinder',
234 silly mapToRegistry   scope: null,
234 silly mapToRegistry   escapedName: 'portfinder',
234 silly mapToRegistry   name: 'portfinder',
234 silly mapToRegistry   rawSpec: '',
234 silly mapToRegistry   spec: 'latest',
234 silly mapToRegistry   type: 'tag' }
235 silly mapToRegistry uri https://registry.npmjs.org/portfinder
236 verbose addNameRange registry:https://registry.npmjs.org/portfinder not in flight; fetching
237 verbose get https://registry.npmjs.org/portfinder not expired, no request
238 silly addNameRange number 2 { name: 'portfinder', range: '>=1.0.13 <2.0.0', hasData: true }
239 silly addNameRange versions [ 'portfinder',
239 silly addNameRange   [ '0.1.0',
239 silly addNameRange     '0.2.0',
239 silly addNameRange     '0.2.1',
239 silly addNameRange     '0.3.0',
239 silly addNameRange     '0.4.0',
239 silly addNameRange     '1.0.0',
239 silly addNameRange     '1.0.1',
239 silly addNameRange     '1.0.2',
239 silly addNameRange     '1.0.3',
239 silly addNameRange     '1.0.4',
239 silly addNameRange     '1.0.5',
239 silly addNameRange     '1.0.6',
239 silly addNameRange     '1.0.7-beta.0',
239 silly addNameRange     '1.0.7',
239 silly addNameRange     '1.0.8',
239 silly addNameRange     '1.0.9',
239 silly addNameRange     '1.0.10',
239 silly addNameRange     '1.0.11',
239 silly addNameRange     '1.0.12',
239 silly addNameRange     '1.0.13' ] ]
240 silly addNamed portfinder@1.0.13
241 verbose addNamed "1.0.13" is a plain semver version for portfinder
242 silly resolveWithNewModule http-proxy@1.16.2 checking installable status
243 silly cache add args [ 'http-proxy@^1.8.1', null ]
244 verbose cache add spec http-proxy@^1.8.1
245 silly cache add parsed spec Result {
245 silly cache add   raw: 'http-proxy@^1.8.1',
245 silly cache add   scope: null,
245 silly cache add   escapedName: 'http-proxy',
245 silly cache add   name: 'http-proxy',
245 silly cache add   rawSpec: '^1.8.1',
245 silly cache add   spec: '>=1.8.1 <2.0.0',
245 silly cache add   type: 'range' }
246 silly addNamed http-proxy@>=1.8.1 <2.0.0
247 verbose addNamed ">=1.8.1 <2.0.0" is a valid semver range for http-proxy
248 silly addNameRange { name: 'http-proxy', range: '>=1.8.1 <2.0.0', hasData: false }
249 silly mapToRegistry name http-proxy
250 silly mapToRegistry using default registry
251 silly mapToRegistry registry https://registry.npmjs.org/
252 silly mapToRegistry data Result {
252 silly mapToRegistry   raw: 'http-proxy',
252 silly mapToRegistry   scope: null,
252 silly mapToRegistry   escapedName: 'http-proxy',
252 silly mapToRegistry   name: 'http-proxy',
252 silly mapToRegistry   rawSpec: '',
252 silly mapToRegistry   spec: 'latest',
252 silly mapToRegistry   type: 'tag' }
253 silly mapToRegistry uri https://registry.npmjs.org/http-proxy
254 verbose addNameRange registry:https://registry.npmjs.org/http-proxy not in flight; fetching
255 verbose get https://registry.npmjs.org/http-proxy not expired, no request
256 silly addNameRange number 2 { name: 'http-proxy', range: '>=1.8.1 <2.0.0', hasData: true }
257 silly addNameRange versions [ 'http-proxy',
257 silly addNameRange   [ '0.5.9',
257 silly addNameRange     '0.5.10',
257 silly addNameRange     '0.5.11',
257 silly addNameRange     '0.6.0',
257 silly addNameRange     '0.6.1',
257 silly addNameRange     '0.6.2',
257 silly addNameRange     '0.6.4',
257 silly addNameRange     '0.6.5',
257 silly addNameRange     '0.6.6',
257 silly addNameRange     '0.7.0',
257 silly addNameRange     '0.7.2',
257 silly addNameRange     '0.7.3',
257 silly addNameRange     '0.7.4',
257 silly addNameRange     '0.7.5',
257 silly addNameRange     '0.7.6',
257 silly addNameRange     '0.8.0',
257 silly addNameRange     '0.8.1',
257 silly addNameRange     '0.8.2',
257 silly addNameRange     '0.8.3',
257 silly addNameRange     '0.8.4',
257 silly addNameRange     '0.8.5',
257 silly addNameRange     '0.8.6',
257 silly addNameRange     '0.8.7',
257 silly addNameRange     '0.9.0',
257 silly addNameRange     '0.9.1',
257 silly addNameRange     '0.10.0',
257 silly addNameRange     '0.10.1',
257 silly addNameRange     '0.10.2',
257 silly addNameRange     '0.10.3',
257 silly addNameRange     '0.10.4',
257 silly addNameRange     '1.0.0',
257 silly addNameRange     '1.0.1',
257 silly addNameRange     '1.0.2',
257 silly addNameRange     '1.0.3',
257 silly addNameRange     '1.1.0',
257 silly addNameRange     '1.1.1',
257 silly addNameRange     '1.1.2',
257 silly addNameRange     '1.1.3',
257 silly addNameRange     '1.1.4',
257 silly addNameRange     '1.1.5',
257 silly addNameRange     '1.1.6',
257 silly addNameRange     '1.2.0',
257 silly addNameRange     '1.2.1',
257 silly addNameRange     '1.3.0',
257 silly addNameRange     '1.4.0',
257 silly addNameRange     '1.4.1',
257 silly addNameRange     '1.4.2',
257 silly addNameRange     '1.4.3',
257 silly addNameRange     '1.5.0',
257 silly addNameRange     '1.5.1',
257 silly addNameRange     '1.5.2',
257 silly addNameRange     '1.5.3',
257 silly addNameRange     '1.6.0',
257 silly addNameRange     '1.6.1',
257 silly addNameRange     '1.6.2',
257 silly addNameRange     '1.7.0',
257 silly addNameRange     '1.7.1',
257 silly addNameRange     '1.7.2',
257 silly addNameRange     '1.7.3',
257 silly addNameRange     '1.8.0',
257 silly addNameRange     '1.8.1',
257 silly addNameRange     '1.9.0',
257 silly addNameRange     '1.9.1',
257 silly addNameRange     '1.10.0',
257 silly addNameRange     '1.10.1',
257 silly addNameRange     '1.11.0',
257 silly addNameRange     '1.11.1',
257 silly addNameRange     '1.11.2',
257 silly addNameRange     '1.11.3',
257 silly addNameRange     '1.12.0',
257 silly addNameRange     '1.12.1',
257 silly addNameRange     '1.13.0',
257 silly addNameRange     '1.13.1',
257 silly addNameRange     '1.13.2',
257 silly addNameRange     '1.13.3',
257 silly addNameRange     '1.14.0',
257 silly addNameRange     '1.15.0',
257 silly addNameRange     '1.15.1',
257 silly addNameRange     '1.15.2',
257 silly addNameRange     '1.16.0',
257 silly addNameRange     '1.16.1',
257 silly addNameRange     '1.16.2' ] ]
258 silly addNamed http-proxy@1.16.2
259 verbose addNamed "1.16.2" is a plain semver version for http-proxy
260 silly mapToRegistry name portfinder
261 silly mapToRegistry using default registry
262 silly mapToRegistry registry https://registry.npmjs.org/
263 silly mapToRegistry data Result {
263 silly mapToRegistry   raw: 'portfinder',
263 silly mapToRegistry   scope: null,
263 silly mapToRegistry   escapedName: 'portfinder',
263 silly mapToRegistry   name: 'portfinder',
263 silly mapToRegistry   rawSpec: '',
263 silly mapToRegistry   spec: 'latest',
263 silly mapToRegistry   type: 'tag' }
264 silly mapToRegistry uri https://registry.npmjs.org/portfinder
265 verbose addRemoteTarball https://registry.npmjs.org/portfinder/-/portfinder-1.0.13.tgz not in flight; adding
266 verbose addRemoteTarball [ 'https://registry.npmjs.org/portfinder/-/portfinder-1.0.13.tgz',
266 verbose addRemoteTarball   'bb32ecd87c27104ae6ee44b5a3ccbf0ebb1aede9' ]
267 silly mapToRegistry name http-proxy
268 silly mapToRegistry using default registry
269 silly mapToRegistry registry https://registry.npmjs.org/
270 silly mapToRegistry data Result {
270 silly mapToRegistry   raw: 'http-proxy',
270 silly mapToRegistry   scope: null,
270 silly mapToRegistry   escapedName: 'http-proxy',
270 silly mapToRegistry   name: 'http-proxy',
270 silly mapToRegistry   rawSpec: '',
270 silly mapToRegistry   spec: 'latest',
270 silly mapToRegistry   type: 'tag' }
271 silly mapToRegistry uri https://registry.npmjs.org/http-proxy
272 verbose addRemoteTarball https://registry.npmjs.org/http-proxy/-/http-proxy-1.16.2.tgz not in flight; adding
273 verbose addRemoteTarball [ 'https://registry.npmjs.org/http-proxy/-/http-proxy-1.16.2.tgz',
273 verbose addRemoteTarball   '06dff292952bf64dbe8471fa9df73066d4f37742' ]
274 info retry fetch attempt 1 at 21:58:53
275 info attempt registry request try #1 at 21:58:53
276 http fetch GET https://registry.npmjs.org/portfinder/-/portfinder-1.0.13.tgz
277 info retry fetch attempt 1 at 21:58:53
278 info attempt registry request try #1 at 21:58:53
279 http fetch GET https://registry.npmjs.org/http-proxy/-/http-proxy-1.16.2.tgz
280 http fetch 200 https://registry.npmjs.org/union/-/union-0.4.6.tgz
281 http 200 https://registry.npmjs.org/corser
282 verbose headers { server: 'nginx/1.10.1',
282 verbose headers   'content-type': 'application/json',
282 verbose headers   'last-modified': 'Tue, 16 Aug 2016 19:00:02 GMT',
282 verbose headers   etag: 'W/"57b362b2-4c27"',
282 verbose headers   'content-encoding': 'gzip',
282 verbose headers   'cache-control': 'max-age=300',
282 verbose headers   'content-length': '4321',
282 verbose headers   'accept-ranges': 'bytes',
282 verbose headers   date: 'Sun, 10 Sep 2017 13:58:53 GMT',
282 verbose headers   via: '1.1 varnish',
282 verbose headers   age: '0',
282 verbose headers   connection: 'keep-alive',
282 verbose headers   'x-served-by': 'cache-nrt6132-NRT',
282 verbose headers   'x-cache': 'HIT',
282 verbose headers   'x-cache-hits': '1',
282 verbose headers   'x-timer': 'S1505051933.409950,VS0,VE135',
282 verbose headers   vary: 'Accept-Encoding, Accept' }
283 silly get cb [ 200,
283 silly get   { server: 'nginx/1.10.1',
283 silly get     'content-type': 'application/json',
283 silly get     'last-modified': 'Tue, 16 Aug 2016 19:00:02 GMT',
283 silly get     etag: 'W/"57b362b2-4c27"',
283 silly get     'content-encoding': 'gzip',
283 silly get     'cache-control': 'max-age=300',
283 silly get     'content-length': '4321',
283 silly get     'accept-ranges': 'bytes',
283 silly get     date: 'Sun, 10 Sep 2017 13:58:53 GMT',
283 silly get     via: '1.1 varnish',
283 silly get     age: '0',
283 silly get     connection: 'keep-alive',
283 silly get     'x-served-by': 'cache-nrt6132-NRT',
283 silly get     'x-cache': 'HIT',
283 silly get     'x-cache-hits': '1',
283 silly get     'x-timer': 'S1505051933.409950,VS0,VE135',
283 silly get     vary: 'Accept-Encoding, Accept' } ]
284 verbose get saving corser to C:\Users\Hu\AppData\Roaming\npm-cache\registry.npmjs.org\corser\.cache.json
285 verbose correctMkdir C:\Users\Hu\AppData\Roaming\npm-cache correctMkdir not in flight; initializing
286 silly resolveWithNewModule corser@2.0.1 checking installable status
287 silly cache add args [ 'corser@~2.0.0', null ]
288 verbose cache add spec corser@~2.0.0
289 silly cache add parsed spec Result {
289 silly cache add   raw: 'corser@~2.0.0',
289 silly cache add   scope: null,
289 silly cache add   escapedName: 'corser',
289 silly cache add   name: 'corser',
289 silly cache add   rawSpec: '~2.0.0',
289 silly cache add   spec: '>=2.0.0 <2.1.0',
289 silly cache add   type: 'range' }
290 silly addNamed corser@>=2.0.0 <2.1.0
291 verbose addNamed ">=2.0.0 <2.1.0" is a valid semver range for corser
292 silly addNameRange { name: 'corser', range: '>=2.0.0 <2.1.0', hasData: false }
293 silly mapToRegistry name corser
294 silly mapToRegistry using default registry
295 silly mapToRegistry registry https://registry.npmjs.org/
296 silly mapToRegistry data Result {
296 silly mapToRegistry   raw: 'corser',
296 silly mapToRegistry   scope: null,
296 silly mapToRegistry   escapedName: 'corser',
296 silly mapToRegistry   name: 'corser',
296 silly mapToRegistry   rawSpec: '',
296 silly mapToRegistry   spec: 'latest',
296 silly mapToRegistry   type: 'tag' }
297 silly mapToRegistry uri https://registry.npmjs.org/corser
298 verbose addNameRange registry:https://registry.npmjs.org/corser not in flight; fetching
299 verbose get https://registry.npmjs.org/corser not expired, no request
300 silly addNameRange number 2 { name: 'corser', range: '>=2.0.0 <2.1.0', hasData: true }
301 silly addNameRange versions [ 'corser',
301 silly addNameRange   [ '0.1.0',
301 silly addNameRange     '0.2.0',
301 silly addNameRange     '1.0.0',
301 silly addNameRange     '1.0.1',
301 silly addNameRange     '1.0.2',
301 silly addNameRange     '1.1.0',
301 silly addNameRange     '1.1.1',
301 silly addNameRange     '1.1.2',
301 silly addNameRange     '1.2.0',
301 silly addNameRange     '2.0.0',
301 silly addNameRange     '2.0.1' ] ]
302 silly addNamed corser@2.0.1
303 verbose addNamed "2.0.1" is a plain semver version for corser
304 silly mapToRegistry name corser
305 silly mapToRegistry using default registry
306 silly mapToRegistry registry https://registry.npmjs.org/
307 silly mapToRegistry data Result {
307 silly mapToRegistry   raw: 'corser',
307 silly mapToRegistry   scope: null,
307 silly mapToRegistry   escapedName: 'corser',
307 silly mapToRegistry   name: 'corser',
307 silly mapToRegistry   rawSpec: '',
307 silly mapToRegistry   spec: 'latest',
307 silly mapToRegistry   type: 'tag' }
308 silly mapToRegistry uri https://registry.npmjs.org/corser
309 verbose addRemoteTarball https://registry.npmjs.org/corser/-/corser-2.0.1.tgz not in flight; adding
310 verbose addRemoteTarball [ 'https://registry.npmjs.org/corser/-/corser-2.0.1.tgz',
310 verbose addRemoteTarball   '8eda252ecaab5840dcd975ceb90d9370c819ff87' ]
311 info retry fetch attempt 1 at 21:58:53
312 info attempt registry request try #1 at 21:58:53
313 http fetch GET https://registry.npmjs.org/corser/-/corser-2.0.1.tgz
314 http 200 https://registry.npmjs.org/optimist
315 verbose headers { server: 'nginx/1.10.3',
315 verbose headers   'content-type': 'application/json',
315 verbose headers   'last-modified': 'Tue, 22 Aug 2017 16:26:56 GMT',
315 verbose headers   etag: 'W/"599c5b50-b833"',
315 verbose headers   'content-encoding': 'gzip',
315 verbose headers   'cache-control': 'max-age=300',
315 verbose headers   'content-length': '8356',
315 verbose headers   'accept-ranges': 'bytes',
315 verbose headers   date: 'Sun, 10 Sep 2017 13:58:53 GMT',
315 verbose headers   via: '1.1 varnish',
315 verbose headers   age: '123',
315 verbose headers   connection: 'keep-alive',
315 verbose headers   'x-served-by': 'cache-nrt6129-NRT',
315 verbose headers   'x-cache': 'HIT',
315 verbose headers   'x-cache-hits': '1',
315 verbose headers   'x-timer': 'S1505051933.393026,VS0,VE1',
315 verbose headers   vary: 'Accept-Encoding, Accept' }
316 silly get cb [ 200,
316 silly get   { server: 'nginx/1.10.3',
316 silly get     'content-type': 'application/json',
316 silly get     'last-modified': 'Tue, 22 Aug 2017 16:26:56 GMT',
316 silly get     etag: 'W/"599c5b50-b833"',
316 silly get     'content-encoding': 'gzip',
316 silly get     'cache-control': 'max-age=300',
316 silly get     'content-length': '8356',
316 silly get     'accept-ranges': 'bytes',
316 silly get     date: 'Sun, 10 Sep 2017 13:58:53 GMT',
316 silly get     via: '1.1 varnish',
316 silly get     age: '123',
316 silly get     connection: 'keep-alive',
316 silly get     'x-served-by': 'cache-nrt6129-NRT',
316 silly get     'x-cache': 'HIT',
316 silly get     'x-cache-hits': '1',
316 silly get     'x-timer': 'S1505051933.393026,VS0,VE1',
316 silly get     vary: 'Accept-Encoding, Accept' } ]
317 verbose get saving optimist to C:\Users\Hu\AppData\Roaming\npm-cache\registry.npmjs.org\optimist\.cache.json
318 verbose correctMkdir C:\Users\Hu\AppData\Roaming\npm-cache correctMkdir not in flight; initializing
319 silly resolveWithNewModule optimist@0.6.1 checking installable status
320 silly cache add args [ 'optimist@0.6.x', null ]
321 verbose cache add spec optimist@0.6.x
322 silly cache add parsed spec Result {
322 silly cache add   raw: 'optimist@0.6.x',
322 silly cache add   scope: null,
322 silly cache add   escapedName: 'optimist',
322 silly cache add   name: 'optimist',
322 silly cache add   rawSpec: '0.6.x',
322 silly cache add   spec: '>=0.6.0 <0.7.0',
322 silly cache add   type: 'range' }
323 silly addNamed optimist@>=0.6.0 <0.7.0
324 verbose addNamed ">=0.6.0 <0.7.0" is a valid semver range for optimist
325 silly addNameRange { name: 'optimist', range: '>=0.6.0 <0.7.0', hasData: false }
326 silly mapToRegistry name optimist
327 silly mapToRegistry using default registry
328 silly mapToRegistry registry https://registry.npmjs.org/
329 silly mapToRegistry data Result {
329 silly mapToRegistry   raw: 'optimist',
329 silly mapToRegistry   scope: null,
329 silly mapToRegistry   escapedName: 'optimist',
329 silly mapToRegistry   name: 'optimist',
329 silly mapToRegistry   rawSpec: '',
329 silly mapToRegistry   spec: 'latest',
329 silly mapToRegistry   type: 'tag' }
330 silly mapToRegistry uri https://registry.npmjs.org/optimist
331 verbose addNameRange registry:https://registry.npmjs.org/optimist not in flight; fetching
332 verbose get https://registry.npmjs.org/optimist not expired, no request
333 silly addNameRange number 2 { name: 'optimist', range: '>=0.6.0 <0.7.0', hasData: true }
334 silly addNameRange versions [ 'optimist',
334 silly addNameRange   [ '0.0.1',
334 silly addNameRange     '0.0.2',
334 silly addNameRange     '0.0.4',
334 silly addNameRange     '0.0.5',
334 silly addNameRange     '0.0.6',
334 silly addNameRange     '0.0.7',
334 silly addNameRange     '0.1.0',
334 silly addNameRange     '0.1.1',
334 silly addNameRange     '0.1.2',
334 silly addNameRange     '0.1.3',
334 silly addNameRange     '0.1.4',
334 silly addNameRange     '0.1.5',
334 silly addNameRange     '0.1.6',
334 silly addNameRange     '0.1.7',
334 silly addNameRange     '0.1.8',
334 silly addNameRange     '0.1.9',
334 silly addNameRange     '0.0.3',
334 silly addNameRange     '0.2.0',
334 silly addNameRange     '0.2.1',
334 silly addNameRange     '0.2.2',
334 silly addNameRange     '0.2.3',
334 silly addNameRange     '0.2.4',
334 silly addNameRange     '0.2.5',
334 silly addNameRange     '0.2.6',
334 silly addNameRange     '0.2.7',
334 silly addNameRange     '0.2.8',
334 silly addNameRange     '0.3.0',
334 silly addNameRange     '0.3.1',
334 silly addNameRange     '0.3.3',
334 silly addNameRange     '0.3.4',
334 silly addNameRange     '0.3.5',
334 silly addNameRange     '0.3.6',
334 silly addNameRange     '0.3.7',
334 silly addNameRange     '0.4.0',
334 silly addNameRange     '0.5.0',
334 silly addNameRange     '0.5.1',
334 silly addNameRange     '0.5.2',
334 silly addNameRange     '0.6.0',
334 silly addNameRange     '0.6.1' ] ]
335 silly addNamed optimist@0.6.1
336 verbose addNamed "0.6.1" is a plain semver version for optimist
337 silly mapToRegistry name optimist
338 silly mapToRegistry using default registry
339 silly mapToRegistry registry https://registry.npmjs.org/
340 silly mapToRegistry data Result {
340 silly mapToRegistry   raw: 'optimist',
340 silly mapToRegistry   scope: null,
340 silly mapToRegistry   escapedName: 'optimist',
340 silly mapToRegistry   name: 'optimist',
340 silly mapToRegistry   rawSpec: '',
340 silly mapToRegistry   spec: 'latest',
340 silly mapToRegistry   type: 'tag' }
341 silly mapToRegistry uri https://registry.npmjs.org/optimist
342 verbose addRemoteTarball https://registry.npmjs.org/optimist/-/optimist-0.6.1.tgz not in flight; adding
343 verbose addRemoteTarball [ 'https://registry.npmjs.org/optimist/-/optimist-0.6.1.tgz',
343 verbose addRemoteTarball   'da3ea74686fa21a19a111c326e90eb15a0196686' ]
344 info retry fetch attempt 1 at 21:58:54
345 info attempt registry request try #1 at 21:58:54
346 http fetch GET https://registry.npmjs.org/optimist/-/optimist-0.6.1.tgz
347 http fetch 200 https://registry.npmjs.org/http-proxy/-/http-proxy-1.16.2.tgz
348 http fetch 200 https://registry.npmjs.org/corser/-/corser-2.0.1.tgz
349 silly fetchAndShaCheck shasum 8eda252ecaab5840dcd975ceb90d9370c819ff87
350 verbose addTmpTarball C:\Users\Hu\AppData\Local\Temp\npm-16540-fc8928a7\registry.npmjs.org\corser\-\corser-2.0.1.tgz not in flight; adding
351 verbose addTmpTarball already have metadata; skipping unpack for corser@2.0.1
352 verbose correctMkdir C:\Users\Hu\AppData\Roaming\npm-cache correctMkdir not in flight; initializing
353 silly cache afterAdd corser@2.0.1
354 verbose afterAdd C:\Users\Hu\AppData\Roaming\npm-cache\corser\2.0.1\package\package.json not in flight; writing
355 verbose correctMkdir C:\Users\Hu\AppData\Roaming\npm-cache correctMkdir not in flight; initializing
356 verbose afterAdd C:\Users\Hu\AppData\Roaming\npm-cache\corser\2.0.1\package\package.json written
357 http fetch 200 https://registry.npmjs.org/portfinder/-/portfinder-1.0.13.tgz
358 silly fetchAndShaCheck shasum bb32ecd87c27104ae6ee44b5a3ccbf0ebb1aede9
359 verbose addTmpTarball C:\Users\Hu\AppData\Local\Temp\npm-16540-fc8928a7\registry.npmjs.org\portfinder\-\portfinder-1.0.13.tgz not in flight; adding
360 verbose addTmpTarball already have metadata; skipping unpack for portfinder@1.0.13
361 verbose correctMkdir C:\Users\Hu\AppData\Roaming\npm-cache correctMkdir not in flight; initializing
362 silly cache afterAdd portfinder@1.0.13
363 verbose afterAdd C:\Users\Hu\AppData\Roaming\npm-cache\portfinder\1.0.13\package\package.json not in flight; writing
364 verbose correctMkdir C:\Users\Hu\AppData\Roaming\npm-cache correctMkdir not in flight; initializing
365 verbose afterAdd C:\Users\Hu\AppData\Roaming\npm-cache\portfinder\1.0.13\package\package.json written
366 silly fetchAndShaCheck shasum 06dff292952bf64dbe8471fa9df73066d4f37742
367 verbose addTmpTarball C:\Users\Hu\AppData\Local\Temp\npm-16540-fc8928a7\registry.npmjs.org\http-proxy\-\http-proxy-1.16.2.tgz not in flight; adding
368 verbose addTmpTarball already have metadata; skipping unpack for http-proxy@1.16.2
369 verbose correctMkdir C:\Users\Hu\AppData\Roaming\npm-cache correctMkdir not in flight; initializing
370 silly cache afterAdd http-proxy@1.16.2
371 verbose afterAdd C:\Users\Hu\AppData\Roaming\npm-cache\http-proxy\1.16.2\package\package.json not in flight; writing
372 verbose correctMkdir C:\Users\Hu\AppData\Roaming\npm-cache correctMkdir not in flight; initializing
373 verbose afterAdd C:\Users\Hu\AppData\Roaming\npm-cache\http-proxy\1.16.2\package\package.json written
374 http fetch 200 https://registry.npmjs.org/optimist/-/optimist-0.6.1.tgz
375 silly fetchAndShaCheck shasum 198fbdaeba254e788b0efcb630bc11f24a2959e0
376 verbose addTmpTarball C:\Users\Hu\AppData\Local\Temp\npm-16540-fc8928a7\registry.npmjs.org\union\-\union-0.4.6.tgz not in flight; adding
377 verbose addTmpTarball already have metadata; skipping unpack for union@0.4.6
378 verbose correctMkdir C:\Users\Hu\AppData\Roaming\npm-cache correctMkdir not in flight; initializing
379 silly cache afterAdd union@0.4.6
380 verbose afterAdd C:\Users\Hu\AppData\Roaming\npm-cache\union\0.4.6\package\package.json not in flight; writing
381 verbose correctMkdir C:\Users\Hu\AppData\Roaming\npm-cache correctMkdir not in flight; initializing
382 verbose afterAdd C:\Users\Hu\AppData\Roaming\npm-cache\union\0.4.6\package\package.json written
383 silly fetchAndShaCheck shasum da3ea74686fa21a19a111c326e90eb15a0196686
384 verbose addTmpTarball C:\Users\Hu\AppData\Local\Temp\npm-16540-fc8928a7\registry.npmjs.org\optimist\-\optimist-0.6.1.tgz not in flight; adding
385 verbose addTmpTarball already have metadata; skipping unpack for optimist@0.6.1
386 verbose correctMkdir C:\Users\Hu\AppData\Roaming\npm-cache correctMkdir not in flight; initializing
387 silly cache afterAdd optimist@0.6.1
388 verbose afterAdd C:\Users\Hu\AppData\Roaming\npm-cache\optimist\0.6.1\package\package.json not in flight; writing
389 verbose correctMkdir C:\Users\Hu\AppData\Roaming\npm-cache correctMkdir not in flight; initializing
390 verbose afterAdd C:\Users\Hu\AppData\Roaming\npm-cache\optimist\0.6.1\package\package.json written
391 http 200 https://registry.npmjs.org/opener
392 verbose headers { server: 'nginx/1.10.1',
392 verbose headers   'content-type': 'application/json',
392 verbose headers   'last-modified': 'Thu, 03 Aug 2017 07:57:35 GMT',
392 verbose headers   etag: 'W/"5982d76f-2ca2"',
392 verbose headers   'content-encoding': 'gzip',
392 verbose headers   'cache-control': 'max-age=300',
392 verbose headers   'content-length': '2510',
392 verbose headers   'accept-ranges': 'bytes',
392 verbose headers   date: 'Sun, 10 Sep 2017 13:58:53 GMT',
392 verbose headers   via: '1.1 varnish',
392 verbose headers   age: '83',
392 verbose headers   connection: 'keep-alive',
392 verbose headers   'x-served-by': 'cache-nrt6124-NRT',
392 verbose headers   'x-cache': 'HIT',
392 verbose headers   'x-cache-hits': '2',
392 verbose headers   'x-timer': 'S1505051933.398155,VS0,VE0',
392 verbose headers   vary: 'Accept-Encoding, Accept' }
393 silly get cb [ 200,
393 silly get   { server: 'nginx/1.10.1',
393 silly get     'content-type': 'application/json',
393 silly get     'last-modified': 'Thu, 03 Aug 2017 07:57:35 GMT',
393 silly get     etag: 'W/"5982d76f-2ca2"',
393 silly get     'content-encoding': 'gzip',
393 silly get     'cache-control': 'max-age=300',
393 silly get     'content-length': '2510',
393 silly get     'accept-ranges': 'bytes',
393 silly get     date: 'Sun, 10 Sep 2017 13:58:53 GMT',
393 silly get     via: '1.1 varnish',
393 silly get     age: '83',
393 silly get     connection: 'keep-alive',
393 silly get     'x-served-by': 'cache-nrt6124-NRT',
393 silly get     'x-cache': 'HIT',
393 silly get     'x-cache-hits': '2',
393 silly get     'x-timer': 'S1505051933.398155,VS0,VE0',
393 silly get     vary: 'Accept-Encoding, Accept' } ]
394 verbose get saving opener to C:\Users\Hu\AppData\Roaming\npm-cache\registry.npmjs.org\opener\.cache.json
395 verbose correctMkdir C:\Users\Hu\AppData\Roaming\npm-cache correctMkdir not in flight; initializing
396 silly resolveWithNewModule opener@1.4.3 checking installable status
397 silly cache add args [ 'opener@~1.4.0', null ]
398 verbose cache add spec opener@~1.4.0
399 silly cache add parsed spec Result {
399 silly cache add   raw: 'opener@~1.4.0',
399 silly cache add   scope: null,
399 silly cache add   escapedName: 'opener',
399 silly cache add   name: 'opener',
399 silly cache add   rawSpec: '~1.4.0',
399 silly cache add   spec: '>=1.4.0 <1.5.0',
399 silly cache add   type: 'range' }
400 silly addNamed opener@>=1.4.0 <1.5.0
401 verbose addNamed ">=1.4.0 <1.5.0" is a valid semver range for opener
402 silly addNameRange { name: 'opener', range: '>=1.4.0 <1.5.0', hasData: false }
403 silly mapToRegistry name opener
404 silly mapToRegistry using default registry
405 silly mapToRegistry registry https://registry.npmjs.org/
406 silly mapToRegistry data Result {
406 silly mapToRegistry   raw: 'opener',
406 silly mapToRegistry   scope: null,
406 silly mapToRegistry   escapedName: 'opener',
406 silly mapToRegistry   name: 'opener',
406 silly mapToRegistry   rawSpec: '',
406 silly mapToRegistry   spec: 'latest',
406 silly mapToRegistry   type: 'tag' }
407 silly mapToRegistry uri https://registry.npmjs.org/opener
408 verbose addNameRange registry:https://registry.npmjs.org/opener not in flight; fetching
409 verbose get https://registry.npmjs.org/opener not expired, no request
410 silly addNameRange number 2 { name: 'opener', range: '>=1.4.0 <1.5.0', hasData: true }
411 silly addNameRange versions [ 'opener',
411 silly addNameRange   [ '1.0.0',
411 silly addNameRange     '1.0.1',
411 silly addNameRange     '1.1.0',
411 silly addNameRange     '1.2.0',
411 silly addNameRange     '1.3.0',
411 silly addNameRange     '1.4.0',
411 silly addNameRange     '1.4.1',
411 silly addNameRange     '1.4.2',
411 silly addNameRange     '1.4.3' ] ]
412 silly addNamed opener@1.4.3
413 verbose addNamed "1.4.3" is a plain semver version for opener
414 silly mapToRegistry name opener
415 silly mapToRegistry using default registry
416 silly mapToRegistry registry https://registry.npmjs.org/
417 silly mapToRegistry data Result {
417 silly mapToRegistry   raw: 'opener',
417 silly mapToRegistry   scope: null,
417 silly mapToRegistry   escapedName: 'opener',
417 silly mapToRegistry   name: 'opener',
417 silly mapToRegistry   rawSpec: '',
417 silly mapToRegistry   spec: 'latest',
417 silly mapToRegistry   type: 'tag' }
418 silly mapToRegistry uri https://registry.npmjs.org/opener
419 verbose addRemoteTarball https://registry.npmjs.org/opener/-/opener-1.4.3.tgz not in flight; adding
420 verbose addRemoteTarball [ 'https://registry.npmjs.org/opener/-/opener-1.4.3.tgz',
420 verbose addRemoteTarball   '5c6da2c5d7e5831e8ffa3964950f8d6674ac90b8' ]
421 info retry fetch attempt 1 at 21:58:56
422 info attempt registry request try #1 at 21:58:56
423 http fetch GET https://registry.npmjs.org/opener/-/opener-1.4.3.tgz
424 http fetch 200 https://registry.npmjs.org/opener/-/opener-1.4.3.tgz
425 silly fetchAndShaCheck shasum 5c6da2c5d7e5831e8ffa3964950f8d6674ac90b8
426 verbose addTmpTarball C:\Users\Hu\AppData\Local\Temp\npm-16540-fc8928a7\registry.npmjs.org\opener\-\opener-1.4.3.tgz not in flight; adding
427 verbose addTmpTarball already have metadata; skipping unpack for opener@1.4.3
428 verbose correctMkdir C:\Users\Hu\AppData\Roaming\npm-cache correctMkdir not in flight; initializing
429 silly cache afterAdd opener@1.4.3
430 verbose afterAdd C:\Users\Hu\AppData\Roaming\npm-cache\opener\1.4.3\package\package.json not in flight; writing
431 verbose correctMkdir C:\Users\Hu\AppData\Roaming\npm-cache correctMkdir not in flight; initializing
432 verbose afterAdd C:\Users\Hu\AppData\Roaming\npm-cache\opener\1.4.3\package\package.json written
433 http 200 https://registry.npmjs.org/ecstatic
434 verbose headers { server: 'nginx/1.10.1',
434 verbose headers   'content-type': 'application/json',
434 verbose headers   'last-modified': 'Tue, 29 Aug 2017 00:12:45 GMT',
434 verbose headers   etag: 'W/"59a4b17d-162c1"',
434 verbose headers   'content-encoding': 'gzip',
434 verbose headers   'cache-control': 'max-age=300',
434 verbose headers   'content-length': '10816',
434 verbose headers   'accept-ranges': 'bytes',
434 verbose headers   date: 'Sun, 10 Sep 2017 13:58:56 GMT',
434 verbose headers   via: '1.1 varnish',
434 verbose headers   age: '0',
434 verbose headers   connection: 'keep-alive',
434 verbose headers   'x-served-by': 'cache-nrt6128-NRT',
434 verbose headers   'x-cache': 'HIT',
434 verbose headers   'x-cache-hits': '1',
434 verbose headers   'x-timer': 'S1505051936.876841,VS0,VE136',
434 verbose headers   vary: 'Accept-Encoding, Accept' }
435 silly get cb [ 200,
435 silly get   { server: 'nginx/1.10.1',
435 silly get     'content-type': 'application/json',
435 silly get     'last-modified': 'Tue, 29 Aug 2017 00:12:45 GMT',
435 silly get     etag: 'W/"59a4b17d-162c1"',
435 silly get     'content-encoding': 'gzip',
435 silly get     'cache-control': 'max-age=300',
435 silly get     'content-length': '10816',
435 silly get     'accept-ranges': 'bytes',
435 silly get     date: 'Sun, 10 Sep 2017 13:58:56 GMT',
435 silly get     via: '1.1 varnish',
435 silly get     age: '0',
435 silly get     connection: 'keep-alive',
435 silly get     'x-served-by': 'cache-nrt6128-NRT',
435 silly get     'x-cache': 'HIT',
435 silly get     'x-cache-hits': '1',
435 silly get     'x-timer': 'S1505051936.876841,VS0,VE136',
435 silly get     vary: 'Accept-Encoding, Accept' } ]
436 verbose get saving ecstatic to C:\Users\Hu\AppData\Roaming\npm-cache\registry.npmjs.org\ecstatic\.cache.json
437 verbose correctMkdir C:\Users\Hu\AppData\Roaming\npm-cache correctMkdir not in flight; initializing
438 silly resolveWithNewModule ecstatic@2.2.1 checking installable status
439 silly cache add args [ 'ecstatic@^2.0.0', null ]
440 verbose cache add spec ecstatic@^2.0.0
441 silly cache add parsed spec Result {
441 silly cache add   raw: 'ecstatic@^2.0.0',
441 silly cache add   scope: null,
441 silly cache add   escapedName: 'ecstatic',
441 silly cache add   name: 'ecstatic',
441 silly cache add   rawSpec: '^2.0.0',
441 silly cache add   spec: '>=2.0.0 <3.0.0',
441 silly cache add   type: 'range' }
442 silly addNamed ecstatic@>=2.0.0 <3.0.0
443 verbose addNamed ">=2.0.0 <3.0.0" is a valid semver range for ecstatic
444 silly addNameRange { name: 'ecstatic', range: '>=2.0.0 <3.0.0', hasData: false }
445 silly mapToRegistry name ecstatic
446 silly mapToRegistry using default registry
447 silly mapToRegistry registry https://registry.npmjs.org/
448 silly mapToRegistry data Result {
448 silly mapToRegistry   raw: 'ecstatic',
448 silly mapToRegistry   scope: null,
448 silly mapToRegistry   escapedName: 'ecstatic',
448 silly mapToRegistry   name: 'ecstatic',
448 silly mapToRegistry   rawSpec: '',
448 silly mapToRegistry   spec: 'latest',
448 silly mapToRegistry   type: 'tag' }
449 silly mapToRegistry uri https://registry.npmjs.org/ecstatic
450 verbose addNameRange registry:https://registry.npmjs.org/ecstatic not in flight; fetching
451 verbose get https://registry.npmjs.org/ecstatic not expired, no request
452 silly addNameRange number 2 { name: 'ecstatic', range: '>=2.0.0 <3.0.0', hasData: true }
453 silly addNameRange versions [ 'ecstatic',
453 silly addNameRange   [ '0.0.0',
453 silly addNameRange     '0.0.1',
453 silly addNameRange     '0.1.0',
453 silly addNameRange     '0.1.1',
453 silly addNameRange     '0.1.1-1',
453 silly addNameRange     '0.1.2',
453 silly addNameRange     '0.1.2-1',
453 silly addNameRange     '0.1.4',
453 silly addNameRange     '0.1.5',
453 silly addNameRange     '0.1.6',
453 silly addNameRange     '0.1.7',
453 silly addNameRange     '0.3.0',
453 silly addNameRange     '0.3.1',
453 silly addNameRange     '0.3.2',
453 silly addNameRange     '0.4.0',
453 silly addNameRange     '0.4.1',
453 silly addNameRange     '0.4.2',
453 silly addNameRange     '0.4.3',
453 silly addNameRange     '0.4.4',
453 silly addNameRange     '0.4.5',
453 silly addNameRange     '0.4.6',
453 silly addNameRange     '0.4.7',
453 silly addNameRange     '0.4.8',
453 silly addNameRange     '0.4.9',
453 silly addNameRange     '0.4.10',
453 silly addNameRange     '0.4.11',
453 silly addNameRange     '0.4.12',
453 silly addNameRange     '0.4.13',
453 silly addNameRange     '0.5.0',
453 silly addNameRange     '0.5.1',
453 silly addNameRange     '0.5.2',
453 silly addNameRange     '0.5.3',
453 silly addNameRange     '0.5.4',
453 silly addNameRange     '0.5.5',
453 silly addNameRange     '0.5.6',
453 silly addNameRange     '0.5.7',
453 silly addNameRange     '0.5.8',
453 silly addNameRange     '0.6.0',
453 silly addNameRange     '0.6.1',
453 silly addNameRange     '0.7.0',
453 silly addNameRange     '0.7.1',
453 silly addNameRange     '0.7.2',
453 silly addNameRange     '0.7.3',
453 silly addNameRange     '0.7.4',
453 silly addNameRange     '0.7.5',
453 silly addNameRange     '0.7.6',
453 silly addNameRange     '0.8.0',
453 silly addNameRange     '1.0.0',
453 silly addNameRange     '1.0.1',
453 silly addNameRange     '1.1.0',
453 silly addNameRange     '1.1.1',
453 silly addNameRange     '1.1.2',
453 silly addNameRange     '1.1.3',
453 silly addNameRange     '1.2.0',
453 silly addNameRange     '1.3.0',
453 silly addNameRange     '1.3.1',
453 silly addNameRange     '1.4.0',
453 silly addNameRange     '1.4.1',
453 silly addNameRange     '2.0.0',
453 silly addNameRange     '2.1.0',
453 silly addNameRange     '2.2.0',
453 silly addNameRange     '2.2.1',
453 silly addNameRange     '3.0.0' ] ]
454 silly addNamed ecstatic@2.2.1
455 verbose addNamed "2.2.1" is a plain semver version for ecstatic
456 silly mapToRegistry name ecstatic
457 silly mapToRegistry using default registry
458 silly mapToRegistry registry https://registry.npmjs.org/
459 silly mapToRegistry data Result {
459 silly mapToRegistry   raw: 'ecstatic',
459 silly mapToRegistry   scope: null,
459 silly mapToRegistry   escapedName: 'ecstatic',
459 silly mapToRegistry   name: 'ecstatic',
459 silly mapToRegistry   rawSpec: '',
459 silly mapToRegistry   spec: 'latest',
459 silly mapToRegistry   type: 'tag' }
460 silly mapToRegistry uri https://registry.npmjs.org/ecstatic
461 verbose addRemoteTarball https://registry.npmjs.org/ecstatic/-/ecstatic-2.2.1.tgz not in flight; adding
462 verbose addRemoteTarball [ 'https://registry.npmjs.org/ecstatic/-/ecstatic-2.2.1.tgz',
462 verbose addRemoteTarball   'b5087fad439dd9dd49d31e18131454817fe87769' ]
463 info retry fetch attempt 1 at 21:58:57
464 info attempt registry request try #1 at 21:58:57
465 http fetch GET https://registry.npmjs.org/ecstatic/-/ecstatic-2.2.1.tgz
466 http fetch 200 https://registry.npmjs.org/ecstatic/-/ecstatic-2.2.1.tgz
467 silly fetchAndShaCheck shasum 0433f44d809680fdeb60ed260f1b0c262e82a40b
468 verbose addTmpTarball C:\Users\Hu\AppData\Local\Temp\npm-16540-fc8928a7\registry.npmjs.org\colors\-\colors-1.0.3.tgz not in flight; adding
469 verbose addTmpTarball already have metadata; skipping unpack for colors@1.0.3
470 verbose correctMkdir C:\Users\Hu\AppData\Roaming\npm-cache correctMkdir not in flight; initializing
471 silly cache afterAdd colors@1.0.3
472 verbose afterAdd C:\Users\Hu\AppData\Roaming\npm-cache\colors\1.0.3\package\package.json not in flight; writing
473 verbose correctMkdir C:\Users\Hu\AppData\Roaming\npm-cache correctMkdir not in flight; initializing
474 verbose afterAdd C:\Users\Hu\AppData\Roaming\npm-cache\colors\1.0.3\package\package.json written
475 info retry will retry, error on last attempt: Error: read ECONNRESET
476 silly fetchAndShaCheck shasum b5087fad439dd9dd49d31e18131454817fe87769
477 silly rollbackFailedOptional Starting
478 silly rollbackFailedOptional Finishing
479 silly runTopLevelLifecycles Finishing
480 silly install printInstalled
481 verbose stack Error: shasum check failed for C:\Users\Hu\AppData\Local\Temp\npm-16540-fc8928a7\registry.npmjs.org\ecstatic\-\ecstatic-2.2.1.tgz
481 verbose stack Expected: b5087fad439dd9dd49d31e18131454817fe87769
481 verbose stack Actual:   da88985b3455001d7adb4121d01a957e7bc3b1b0
481 verbose stack From:     https://registry.npmjs.org/ecstatic/-/ecstatic-2.2.1.tgz
481 verbose stack     at E:\Program Files\nodejs\node_modules\npm\node_modules\sha\index.js:25:8
481 verbose stack     at ReadStream.<anonymous> (E:\Program Files\nodejs\node_modules\npm\node_modules\sha\index.js:72:7)
481 verbose stack     at emitNone (events.js:91:20)
481 verbose stack     at ReadStream.emit (events.js:185:7)
481 verbose stack     at endReadableNT (_stream_readable.js:974:12)
481 verbose stack     at _combinedTickCallback (internal/process/next_tick.js:80:11)
481 verbose stack     at process._tickCallback (internal/process/next_tick.js:104:9)
482 verbose cwd E:\xampp\htdocs\js\node
483 error Windows_NT 10.0.14393
484 error argv "E:\\Program Files\\nodejs\\node.exe" "E:\\Program Files\\nodejs\\node_modules\\npm\\bin\\npm-cli.js" "install" "-g" "http-server"
485 error node v6.11.3
486 error npm  v3.10.10
487 error shasum check failed for C:\Users\Hu\AppData\Local\Temp\npm-16540-fc8928a7\registry.npmjs.org\ecstatic\-\ecstatic-2.2.1.tgz
487 error Expected: b5087fad439dd9dd49d31e18131454817fe87769
487 error Actual:   da88985b3455001d7adb4121d01a957e7bc3b1b0
487 error From:     https://registry.npmjs.org/ecstatic/-/ecstatic-2.2.1.tgz
488 error If you need help, you may report this error at:
488 error     <https://github.com/npm/npm/issues>
489 verbose exit [ 1, true ]
